[01:19:06] [main/INFO]: Loading Minecraft 1.21 with Fabric Loader 0.16.3
[01:19:06] [ForkJoinPool-1-worker-4/WARN]: Mod dev_isxander_libsdl4j uses the version 3.6896c4c-38 which isn't compatible with Loader's extended semantic version format (Could not parse version number component '6896c4c'!), SemVer is recommended for reliably evaluating dependencies and prioritizing newer version
[01:19:06] [main/INFO]: Loading 77 mods:
	- cloth-config 15.0.128
	   \-- cloth-basic-math 0.6.1
	- controlify 2.0.0-beta.14+1.21-fabric
	   |-- dev_isxander_libsdl4j 3.6896c4c-38
	   |-- org_hid4java_hid4java 0.7.0
	   |-- org_quiltmc_parsers_gson 0.3.0
	   \-- org_quiltmc_parsers_json 0.3.0
	- debugify 1.21+1.0
	- e4mc_minecraft 5.1.0
	   \-- folk_sisby_kaleido-config 0.3.1+1.3.1
	- entityculling 1.6.6
	- fabric-api 0.100.8+1.21
	   |-- fabric-api-base 0.4.42+6573ed8cd1
	   |-- fabric-api-lookup-api-v1 1.6.67+b5597344d1
	   |-- fabric-biome-api-v1 13.0.29+5bd9f1bcd1
	   |-- fabric-block-api-v1 1.0.22+0af3f5a7d1
	   |-- fabric-block-view-api-v2 1.0.10+6573ed8cd1
	   |-- fabric-blockrenderlayer-v1 1.1.52+0af3f5a7d1
	   |-- fabric-client-tags-api-v1 1.1.15+6573ed8cd1
	   |-- fabric-command-api-v1 1.2.49+f71b366fd1
	   |-- fabric-command-api-v2 2.2.28+6ced4dd9d1
	   |-- fabric-commands-v0 0.2.66+df3654b3d1
	   |-- fabric-content-registries-v0 8.0.15+b5597344d1
	   |-- fabric-convention-tags-v1 2.0.18+7f945d5bd1
	   |-- fabric-convention-tags-v2 2.4.2+c111832ad1
	   |-- fabric-crash-report-info-v1 0.2.29+0af3f5a7d1
	   |-- fabric-data-attachment-api-v1 1.1.25+6a6dfa19d1
	   |-- fabric-data-generation-api-v1 20.2.13+16c4ae25d1
	   |-- fabric-dimensions-v1 4.0.0+6fc22b99d1
	   |-- fabric-entity-events-v1 1.6.12+6fc22b99d1
	   |-- fabric-events-interaction-v0 0.7.10+e633f883d1
	   |-- fabric-game-rule-api-v1 1.0.53+6ced4dd9d1
	   |-- fabric-item-api-v1 11.0.0+afdfc921d1
	   |-- fabric-item-group-api-v1 4.1.3+78017270d1
	   |-- fabric-key-binding-api-v1 1.0.47+0af3f5a7d1
	   |-- fabric-keybindings-v0 0.2.45+df3654b3d1
	   |-- fabric-lifecycle-events-v1 2.3.11+8f3583aed1
	   |-- fabric-loot-api-v2 3.0.13+3f89f5a5d1
	   |-- fabric-loot-api-v3 1.0.1+3f89f5a5d1
	   |-- fabric-message-api-v1 6.0.13+6573ed8cd1
	   |-- fabric-model-loading-api-v1 2.0.0+fe474d6bd1
	   |-- fabric-networking-api-v1 4.2.0+ab7edbacd1
	   |-- fabric-object-builder-api-v1 15.1.13+d1321076d1
	   |-- fabric-particles-v1 4.0.2+6573ed8cd1
	   |-- fabric-recipe-api-v1 5.0.10+65089712d1
	   |-- fabric-registry-sync-v0 5.0.26+a5d66753d1
	   |-- fabric-renderer-api-v1 3.3.0+0ae0b97dd1
	   |-- fabric-renderer-indigo 1.6.5+48fb1586d1
	   |-- fabric-renderer-registries-v1 3.2.68+df3654b3d1
	   |-- fabric-rendering-data-attachment-v1 0.3.48+73761d2ed1
	   |-- fabric-rendering-fluids-v1 3.1.6+b5597344d1
	   |-- fabric-rendering-v0 1.1.71+df3654b3d1
	   |-- fabric-rendering-v1 5.0.5+df16efd0d1
	   |-- fabric-resource-conditions-api-v1 4.2.1+d153f344d1
	   |-- fabric-resource-loader-v0 1.2.0+7e687b32d1
	   |-- fabric-screen-api-v1 2.0.24+b5597344d1
	   |-- fabric-screen-handler-api-v1 1.3.83+b5597344d1
	   |-- fabric-sound-api-v1 1.0.23+6573ed8cd1
	   |-- fabric-transfer-api-v1 5.1.15+3dccd343d1
	   \-- fabric-transitive-access-wideners-v1 6.0.12+6573ed8cd1
	- fabric-language-kotlin 1.11.0+kotlin.2.0.0
	   |-- org_jetbrains_kotlin_kotlin-reflect 2.0.0
	   |-- org_jetbrains_kotlin_kotlin-stdlib 2.0.0
	   |-- org_jetbrains_kotlin_kotlin-stdlib-jdk7 2.0.0
	   |-- org_jetbrains_kotlin_kotlin-stdlib-jdk8 2.0.0
	   |-- org_jetbrains_kotlinx_atomicfu-jvm 0.24.0
	   |-- org_jetbrains_kotlinx_kotlinx-coroutines-core-jvm 1.8.1
	   |-- org_jetbrains_kotlinx_kotlinx-coroutines-jdk8 1.8.1
	   |-- org_jetbrains_kotlinx_kotlinx-datetime-jvm 0.6.0
	   |-- org_jetbrains_kotlinx_kotlinx-serialization-cbor-jvm 1.6.3
	   |-- org_jetbrains_kotlinx_kotlinx-serialization-core-jvm 1.6.3
	   \-- org_jetbrains_kotlinx_kotlinx-serialization-json-jvm 1.6.3
	- fabricloader 0.16.3
	   \-- mixinextras 0.4.1
	- ferritecore 7.0.0
	- java 21
	- lithium 0.12.7
	- minecraft 1.21
	- mixintrace 1.1.1+1.17
	- modernfix 5.19.0+mc1.21
	- nochatreports 1.21-v2.8.0
	- yet_another_config_lib_v3 3.5.0+1.21-fabric
	   |-- com_twelvemonkeys_common_common-image 3.10.0
	   |-- com_twelvemonkeys_common_common-io 3.10.0
	   |-- com_twelvemonkeys_common_common-lang 3.10.0
	   |-- com_twelvemonkeys_imageio_imageio-core 3.10.0
	   |-- com_twelvemonkeys_imageio_imageio-metadata 3.10.0
	   \-- com_twelvemonkeys_imageio_imageio-webp 3.10.0
	- yosbr 0.1.2
[01:19:06] [main/INFO]: Applying default options... (YOSBR)
[01:19:06] [main/INFO]: SpongePowered MIXIN Subsystem Version=0.8.7 Source=file:/workspaces/cucaaaa/servidor_minecraft/libraries/net/fabricmc/sponge-mixin/0.15.2+mixin.0.8.7/sponge-mixin-0.15.2+mixin.0.8.7.jar Service=Knot/Fabric Env=SERVER
[01:19:06] [main/INFO]: Compatibility level set to JAVA_17
[01:19:07] [main/INFO]: Compatibility level set to JAVA_21
[01:19:07] [main/INFO]: Loaded configuration file for Lithium: 138 options available, 1 override(s) found
[01:19:07] [main/INFO]: Loaded configuration file for ModernFix 5.19.0+mc1.21: 53 options available, 0 override(s) found
[01:19:07] [main/INFO]: Applying Nashorn fix
[01:19:07] [main/WARN]: Force-disabling mixin 'alloc.blockstate.StateMixin' as rule 'mixin.alloc.blockstate' (added by mods [ferritecore]) disables it and children
[01:19:08] [main/INFO]: Initializing MixinExtras via com.llamalad7.mixinextras.service.MixinExtrasServiceImpl(version=0.4.1).
[01:19:10] [main/INFO]: Injecting BlockStateBase cache population hook into lithium$getPathNodeType from me.jellysquid.mods.lithium.mixin.ai.pathing.AbstractBlockStateMixin
[01:19:10] [main/INFO]: Injecting BlockStateBase cache population hook into lithium$getAllFlags from me.jellysquid.mods.lithium.mixin.util.block_tracking.AbstractBlockStateMixin
[01:19:10] [main/INFO]: Injecting BlockStateBase cache population hook into lithium$getNeighborPathNodeType from me.jellysquid.mods.lithium.mixin.ai.pathing.AbstractBlockStateMixin
[01:19:10] [main/WARN]: Method overwrite conflict for method_21740 in modernfix-common.mixins.json:perf.remove_biome_temperature_cache.BiomeMixin from mod modernfix, previously written by me.jellysquid.mods.lithium.mixin.world.temperature_cache.BiomeMixin. Skipping method.
[01:19:13] [main/INFO]: Vanilla bootstrap took 4441 milliseconds
[01:19:13] [main/INFO]: Enabled 28 bug fixes: [MC-2025, MC-7569, MC-8187, MC-30391, MC-69216, MC-88371, MC-89146, MC-93018, MC-100991, MC-119417, MC-119754, MC-121706, MC-121903, MC-129909, MC-132878, MC-135971, MC-155509, MC-160095, MC-179072, MC-183990, MC-199467, MC-200418, MC-206922, MC-215530, MC-223153, MC-224729, MC-231743, MC-232869]
[01:19:13] [main/INFO]: Successfully Debugify'd your game!
[01:19:13] [main/INFO]: Deserializing ControlifyServerConfig from './config/controlify.json'
[01:19:13] [main/INFO]: Serializing class dev.isxander.controlify.server.ControlifyServerConfig to './config/controlify.json'
[01:19:13] [main/INFO]: Reach-around policy: true
[01:19:13] [main/INFO]: No-fly drift policy: true
[01:19:13] [main/INFO]: Environment: Environment[sessionHost=https://sessionserver.mojang.com, servicesHost=https://api.minecraftservices.com, name=PROD]
[01:19:15] [main/INFO]: Loaded 1290 recipes
[01:19:15] [main/INFO]: Loaded 1399 advancements
[01:19:15] [main/INFO]: Applied 0 biome modifications to 0 of 64 new biomes in 1.148 ms
[01:19:15] [Server thread/INFO]: Starting minecraft server version 1.21
[01:19:15] [Server thread/INFO]: Loading properties
[01:19:15] [Server thread/INFO]: Default game type: SURVIVAL
[01:19:15] [Server thread/INFO]: Generating keypair
[01:19:15] [Server thread/INFO]: Starting Minecraft server on *:25565
[01:19:15] [Server thread/INFO]: Using epoll channel type
[01:19:15] [e4mc_minecraft-init/INFO]: req: https://broker.e4mc.link/getBestRelay GET
[01:19:15] [Server thread/INFO]: Using epoll channel type
[01:19:15] [Server thread/WARN]: **** SERVER IS RUNNING IN OFFLINE/INSECURE MODE!
[01:19:15] [Server thread/WARN]: The server will make no attempt to authenticate usernames. Beware.
[01:19:15] [Server thread/WARN]: While this makes the game possible to play without internet access, it also opens up the ability for hackers to connect with any username they choose.
[01:19:15] [Server thread/WARN]: To change this, set "online-mode" to "true" in the server.properties file.
[01:19:15] [Server thread/INFO]: Preparing level "world"
[01:19:16] [e4mc_minecraft-init/INFO]: resp: (GET https://broker.e4mc.link/getBestRelay) 200
[01:19:16] [e4mc_minecraft-init/INFO]: using relay na
[01:19:16] [Server thread/WARN]: Method overwrite conflict for removeIf in modernfix-common.mixins.json:bugfix.paper_chunk_patches.SortedArraySetMixin from mod modernfix, previously written by me.jellysquid.mods.lithium.mixin.collections.chunk_tickets.SortedArraySetMixin. Skipping method.
[01:19:16] [Server thread/INFO]: Preparing start region for dimension minecraft:overworld
[01:19:16] [nioEventLoopGroup-2-1/INFO]: control channel open: [id: 0x63d06cca, QuicStreamAddress{streamId=0}]
[01:19:16] [nioEventLoopGroup-2-1/INFO]: control channel write complete
[01:19:16] [nioEventLoopGroup-2-1/WARN]: e4mc running on Dedicated Server; This works, but isn't recommended as e4mc is designed for short-lived LAN servers
[01:19:16] [nioEventLoopGroup-2-1/INFO]: Domain assigned: insect-remove.na.e4mc.link
[01:19:17] [Worker-Main-1/INFO]: Preparing spawn area: 0%
[01:19:17] [Worker-Main-1/INFO]: Preparing spawn area: 0%
[01:19:17] [Server thread/INFO]: Time elapsed: 905 ms
[01:19:17] [Server thread/INFO]: Done (1.365s)! For help, type "help"
[01:19:17] [Server thread/WARN]: Dedicated server took 12.252 seconds to load
